0 info it worked if it ends with ok
1 verbose cli [ '/usr/bin/nodejs', '/usr/bin/npm', 'install', '-g', 'grunt-cli' ]
2 info using npm@1.4.21
3 info using node@v0.10.25
4 verbose cache add [ 'grunt-cli', null ]
5 verbose cache add name=undefined spec="grunt-cli" args=["grunt-cli",null]
6 verbose parsed url { protocol: null,
6 verbose parsed url   slashes: null,
6 verbose parsed url   auth: null,
6 verbose parsed url   host: null,
6 verbose parsed url   port: null,
6 verbose parsed url   hostname: null,
6 verbose parsed url   hash: null,
6 verbose parsed url   search: null,
6 verbose parsed url   query: null,
6 verbose parsed url   pathname: 'grunt-cli',
6 verbose parsed url   path: 'grunt-cli',
6 verbose parsed url   href: 'grunt-cli' }
7 silly lockFile 671ef8ac-grunt-cli grunt-cli
8 verbose lock grunt-cli /home/prog41/.npm/671ef8ac-grunt-cli.lock
9 silly lockFile 671ef8ac-grunt-cli grunt-cli
10 silly lockFile 671ef8ac-grunt-cli grunt-cli
11 verbose addNamed [ 'grunt-cli', '' ]
12 verbose addNamed [ null, '*' ]
13 silly lockFile d63f3d0b-grunt-cli grunt-cli@
14 verbose lock grunt-cli@ /home/prog41/.npm/d63f3d0b-grunt-cli.lock
15 silly addNameRange { name: 'grunt-cli', range: '*', hasData: false }
16 verbose request where is /grunt-cli
17 verbose request registry https://registry.npmjs.org/
18 verbose request id 11e06fa6d7aaa9f8
19 verbose url raw /grunt-cli
20 verbose url resolving [ 'https://registry.npmjs.org/', './grunt-cli' ]
21 verbose url resolved https://registry.npmjs.org/grunt-cli
22 verbose request where is https://registry.npmjs.org/grunt-cli
23 info trying registry request attempt 1 at 17:08:25
24 verbose etag "THQBRE5MJ9K444KV4X1N76F"
25 http GET https://registry.npmjs.org/grunt-cli
26 http 304 https://registry.npmjs.org/grunt-cli
27 silly registry.get cb [ 304,
27 silly registry.get   { date: 'Mon, 22 Feb 2016 15:08:25 GMT',
27 silly registry.get     via: '1.1 varnish',
27 silly registry.get     'cache-control': 'max-age=300',
27 silly registry.get     etag: '"THQBRE5MJ9K444KV4X1N76F"',
27 silly registry.get     age: '59',
27 silly registry.get     connection: 'keep-alive',
27 silly registry.get     'x-served-by': 'cache-fra1241-FRA',
27 silly registry.get     'x-cache': 'HIT',
27 silly registry.get     'x-cache-hits': '3',
27 silly registry.get     'x-timer': 'S1456153705.984716,VS0,VE0',
27 silly registry.get     vary: 'Accept' } ]
28 verbose etag https://registry.npmjs.org/grunt-cli from cache
29 silly addNameRange number 2 { name: 'grunt-cli', range: '*', hasData: true }
30 silly addNameRange versions [ 'grunt-cli',
30 silly addNameRange   [ '0.1.0',
30 silly addNameRange     '0.1.1',
30 silly addNameRange     '0.1.2',
30 silly addNameRange     '0.1.3',
30 silly addNameRange     '0.1.4',
30 silly addNameRange     '0.1.5',
30 silly addNameRange     '0.1.6',
30 silly addNameRange     '0.1.7',
30 silly addNameRange     '0.1.8',
30 silly addNameRange     '0.1.9',
30 silly addNameRange     '0.1.10',
30 silly addNameRange     '0.1.11',
30 silly addNameRange     '0.1.12',
30 silly addNameRange     '0.1.13',
30 silly addNameRange     '1.0.0-rc1' ] ]
31 verbose addNamed [ 'grunt-cli', '0.1.13' ]
32 verbose addNamed [ '0.1.13', '0.1.13' ]
33 silly lockFile 28997503-grunt-cli-0-1-13 grunt-cli@0.1.13
34 verbose lock grunt-cli@0.1.13 /home/prog41/.npm/28997503-grunt-cli-0-1-13.lock
35 silly lockFile 28997503-grunt-cli-0-1-13 grunt-cli@0.1.13
36 silly lockFile 28997503-grunt-cli-0-1-13 grunt-cli@0.1.13
37 silly lockFile d63f3d0b-grunt-cli grunt-cli@
38 silly lockFile d63f3d0b-grunt-cli grunt-cli@
39 silly resolved [ { name: 'grunt-cli',
39 silly resolved     description: 'The grunt command line interface.',
39 silly resolved     version: '0.1.13',
39 silly resolved     author: { name: 'Grunt Team' },
39 silly resolved     homepage: 'http://gruntjs.com/',
39 silly resolved     repository: { type: 'git', url: 'git://github.com/gruntjs/grunt-cli.git' },
39 silly resolved     bugs: { url: 'http://github.com/gruntjs/grunt-cli/issues' },
39 silly resolved     licenses: [ [Object] ],
39 silly resolved     bin: { grunt: 'bin/grunt' },
39 silly resolved     engines: { node: '>= 0.8.0' },
39 silly resolved     scripts: { test: 'node bin/grunt test' },
39 silly resolved     preferGlobal: true,
39 silly resolved     dependencies: { nopt: '~1.0.10', 'findup-sync': '~0.1.0', resolve: '~0.3.1' },
39 silly resolved     devDependencies: { grunt: '~0.4.0', 'grunt-contrib-jshint': '~0.2.0' },
39 silly resolved     contributors: [ [Object], [Object], [Object], [Object] ],
39 silly resolved     _id: 'grunt-cli@0.1.13',
39 silly resolved     dist:
39 silly resolved      { shasum: 'e9ebc4047631f5012d922770c39378133cad10f4',
39 silly resolved        tarball: 'http://registry.npmjs.org/grunt-cli/-/grunt-cli-0.1.13.tgz' },
39 silly resolved     _from: 'grunt-cli@',
39 silly resolved     _npmVersion: '1.3.24',
39 silly resolved     _npmUser: { name: 'tkellen', email: 'tyler@sleekcode.net' },
39 silly resolved     maintainers: [ [Object] ],
39 silly resolved     directories: {},
39 silly resolved     _shasum: 'e9ebc4047631f5012d922770c39378133cad10f4',
39 silly resolved     _resolved: 'https://registry.npmjs.org/grunt-cli/-/grunt-cli-0.1.13.tgz',
39 silly resolved     readme: 'ERROR: No README data found!' } ]
40 info install grunt-cli@0.1.13 into /usr/local/lib
41 info installOne grunt-cli@0.1.13
42 verbose lib/node_modules/grunt-cli unbuild
43 verbose tar unpack /home/prog41/.npm/grunt-cli/0.1.13/package.tgz
44 silly lockFile 466968dc-local-lib-node-modules-grunt-cli tar:///usr/local/lib/node_modules/grunt-cli
45 verbose lock tar:///usr/local/lib/node_modules/grunt-cli /home/prog41/.npm/466968dc-local-lib-node-modules-grunt-cli.lock
46 silly lockFile 562b1cb1-npm-grunt-cli-0-1-13-package-tgz tar:///home/prog41/.npm/grunt-cli/0.1.13/package.tgz
47 verbose lock tar:///home/prog41/.npm/grunt-cli/0.1.13/package.tgz /home/prog41/.npm/562b1cb1-npm-grunt-cli-0-1-13-package-tgz.lock
48 silly gunzTarPerm modes [ '775', '664' ]
49 error tar.unpack untar error /home/prog41/.npm/grunt-cli/0.1.13/package.tgz
50 silly lockFile 466968dc-local-lib-node-modules-grunt-cli tar:///usr/local/lib/node_modules/grunt-cli
51 silly lockFile 466968dc-local-lib-node-modules-grunt-cli tar:///usr/local/lib/node_modules/grunt-cli
52 silly lockFile 562b1cb1-npm-grunt-cli-0-1-13-package-tgz tar:///home/prog41/.npm/grunt-cli/0.1.13/package.tgz
53 silly lockFile 562b1cb1-npm-grunt-cli-0-1-13-package-tgz tar:///home/prog41/.npm/grunt-cli/0.1.13/package.tgz
54 verbose lib/node_modules/grunt-cli unbuild
55 error Error: EACCES, mkdir '/usr/local/lib/node_modules'
55 error  { [Error: EACCES, mkdir '/usr/local/lib/node_modules']
55 error   errno: 3,
55 error   code: 'EACCES',
55 error   path: '/usr/local/lib/node_modules',
55 error   fstream_type: 'Directory',
55 error   fstream_path: '/usr/local/lib/node_modules/grunt-cli',
55 error   fstream_class: 'DirWriter',
55 error   fstream_stack:
55 error    [ '/usr/lib/nodejs/fstream/lib/writer.js:171:23',
55 error      '/usr/lib/nodejs/mkdirp/index.js:46:53',
55 error      'Object.oncomplete (fs.js:107:15)' ] }
56 error Please try running this command again as root/Administrator.
57 error System Linux 4.2.0-25-generic
58 error command "/usr/bin/nodejs" "/usr/bin/npm" "install" "-g" "grunt-cli"
59 error cwd /home/prog41/github/zas0929.github.io/grunt
60 error node -v v0.10.25
61 error npm -v 1.4.21
62 error path /usr/local/lib/node_modules
63 error fstream_path /usr/local/lib/node_modules/grunt-cli
64 error fstream_type Directory
65 error fstream_class DirWriter
66 error code EACCES
67 error errno 3
68 error stack Error: EACCES, mkdir '/usr/local/lib/node_modules'
69 error fstream_stack /usr/lib/nodejs/fstream/lib/writer.js:171:23
69 error fstream_stack /usr/lib/nodejs/mkdirp/index.js:46:53
69 error fstream_stack Object.oncomplete (fs.js:107:15)
70 verbose exit [ 3, true ]
